<?xml version="1.0" encoding="UTF-8"?>
<!-- Generated by org.testng.reporters.JUnitReportReporter -->
<testsuite hostname="DESKTOP-HEI1GR9" failures="0" tests="3" name="Test_NG.Raa" time="0.106" errors="0" timestamp="2022-09-13T11:56:44 IST" skipped="0">
  <testcase classname="Test_NG.Raa" name="TC3" time="0.003"/>
  <system-out>
    <![CDATA[running tc3]]>
  </system-out>
  <testcase classname="Test_NG.Raa" name="TC1" time="0.101"/>
  <system-out>
    <![CDATA[running tc1]]>
  </system-out>
  <testcase classname="Test_NG.Raa" name="TC2" time="0.002"/>
  <system-out>
    <![CDATA[running tc2]]>
  </system-out>
</testsuite> <!-- Test_NG.Raa -->
