<?xml version="1.0" encoding="UTF-8"?>
<!-- Generated by org.testng.reporters.JUnitReportReporter -->
<testsuite hostname="DESKTOP-HEI1GR9" failures="0" tests="1" name="Test_NG.AA" time="0.035" errors="0" timestamp="2022-08-26T22:45:11 IST" skipped="0">
  <testcase classname="Test_NG.AA" name="TC1" time="0.035"/>
  <system-out>
    <![CDATA[im comming from tc1]]>
  </system-out>
</testsuite> <!-- Test_NG.AA -->
